14:24:28.259 Checking updates...
14:24:30.135 [ValidationError] C:\cygwin64\home\pramodh.nv\gauge-java-example\webApiDBTests\specs\example.spec:7: proto: required field "StepValidateResponse.{Unknown}" not set => 'Open the Gauge homepage'
14:24:30.136 [ValidationError] C:\cygwin64\home\pramodh.nv\gauge-java-example\webApiDBTests\specs\example.spec:11: proto: required field "StepValidateResponse.{Unknown}" not set => 'Go to Gauge Get Started Page'
14:24:30.136 [ValidationError] C:\cygwin64\home\pramodh.nv\gauge-java-example\webApiDBTests\specs\example.spec:12: proto: required field "StepValidateResponse.{Unknown}" not set => 'Ensure installation instructions are available'
14:24:30.434 Failed to initialize suite datastore. Error: proto: required field "ExecutionStatusResponse.ExecutionResult.{Unknown}" not set
14:24:31.336 Plugin [Html Report] with pid [14248] has exited
14:24:31.437 Specifications:	0 executed	0 passed	0 failed	0 skipped
14:24:31.437 Scenarios:	0 executed	0 passed	0 failed	1 skipped
14:24:31.437 
Total time taken: 297ms
14:24:31.437 Updates are available. Run gauge --check-updates for more info.
14:28:48.917 Checking updates...
14:31:00.152 Checking updates...
14:31:06.446 # Getting Started with Gauge
14:31:06.446 ## Get Started
14:31:06.448 * Open the Gauge homepage

14:31:09.113 * Go to Gauge Get Started Page
14:31:10.336 * Ensure installation instructions are available
14:31:11.730 Plugin [Html Report] with pid [14372] has exited
14:31:11.831 Specifications:	1 executed	1 passed	0 failed	0 skipped
14:31:11.831 Scenarios:	1 executed	1 passed	0 failed	0 skipped
14:31:11.832 
Total time taken: 10.802s
14:31:11.832 Updates are available. Run gauge --check-updates for more info.
14:38:08.166 Checking updates...
14:38:10.191 [ValidationError] C:\cygwin64\home\pramodh.nv\gauge-java-example\webApiDBTests\specs\example.spec:7: proto: required field "StepValidateResponse.{Unknown}" not set => 'Open the Gauge homepage'
14:38:10.191 [ValidationError] C:\cygwin64\home\pramodh.nv\gauge-java-example\webApiDBTests\specs\example.spec:11: proto: required field "StepValidateResponse.{Unknown}" not set => 'Go to Gauge Get Started Page'
14:38:10.191 [ValidationError] C:\cygwin64\home\pramodh.nv\gauge-java-example\webApiDBTests\specs\example.spec:12: proto: required field "StepValidateResponse.{Unknown}" not set => 'Ensure installation instructions are available'
14:38:10.434 Failed to initialize suite datastore. Error: proto: required field "ExecutionStatusResponse.ExecutionResult.{Unknown}" not set
14:38:10.535 Plugin [Html Report] with pid [14492] has exited
14:38:10.637 Specifications:	0 executed	0 passed	0 failed	0 skipped
14:38:10.637 Scenarios:	0 executed	0 passed	0 failed	1 skipped
14:38:10.637 
Total time taken: 241ms
14:38:10.638 Updates are available. Run gauge --check-updates for more info.
14:41:37.052 Checking updates...
14:41:45.301 # Getting Started with Gauge
14:41:45.302 ## Get Started
14:41:45.303 * Open the Gauge homepage

14:41:47.795 * Go to Gauge Get Started Page
14:41:48.640 * Ensure installation instructions are available
14:41:50.513 Plugin [Html Report] with pid [14308] has exited
14:41:50.614 Specifications:	1 executed	1 passed	0 failed	0 skipped
14:41:50.614 Scenarios:	1 executed	1 passed	0 failed	0 skipped
14:41:50.615 
Total time taken: 10.383s
14:41:50.615 Updates are available. Run gauge --check-updates for more info.
14:54:55.628 Checking updates...
14:55:19.122 Error Message: org.openqa.selenium.SessionNotCreatedException: Unable to create new remote session. desired capabilities = Capabilities [{marionette=true, firefoxOptions=org.openqa.selenium.firefox.FirefoxOptions@d56d9f6, browserName=firefox, moz:firefoxOptions=org.openqa.selenium.firefox.FirefoxOptions@d56d9f6, version=, platform=ANY}], required capabilities = Capabilities [{}]
Build info: version: '3.0.1', revision: '1969d75', time: '2016-10-18 09:49:13 -0700'
System info: host: 'TA040521', ip: '10.0.59.123', os.name: 'Windows 7', os.arch: 'amd64', os.version: '6.1', java.version: '1.8.0_91'
Driver info: driver.version: Driver
14:55:19.122 Stacktrace: 
org.openqa.selenium.remote.ProtocolHandshake.createSession(ProtocolHandshake.java:91)
org.openqa.selenium.remote.HttpCommandExecutor.execute(HttpCommandExecutor.java:141)
org.openqa.selenium.remote.service.DriverCommandExecutor.execute(DriverCommandExecutor.java:82)
org.openqa.selenium.remote.RemoteWebDriver.execute(RemoteWebDriver.java:601)
org.openqa.selenium.remote.RemoteWebDriver.startSession(RemoteWebDriver.java:241)
org.openqa.selenium.remote.RemoteWebDriver.<init>(RemoteWebDriver.java:128)
org.openqa.selenium.firefox.FirefoxDriver.<init>(FirefoxDriver.java:259)
org.openqa.selenium.firefox.FirefoxDriver.<init>(FirefoxDriver.java:247)
org.openqa.selenium.firefox.FirefoxDriver.<init>(FirefoxDriver.java:242)
org.openqa.selenium.firefox.FirefoxDriver.<init>(FirefoxDriver.java:238)
org.openqa.selenium.firefox.FirefoxDriver.<init>(FirefoxDriver.java:127)
driver.DriverFactory.getDriver(DriverFactory.java:30)
driver.Driver.initializeDriver(Driver.java:16)
sun.reflect.NativeMethodAccessorImpl.invoke0(Native Method)
sun.reflect.NativeMethodAccessorImpl.invoke(NativeMethodAccessorImpl.java:62)
sun.reflect.DelegatingMethodAccessorImpl.invoke(DelegatingMethodAccessorImpl.java:43)
java.lang.reflect.Method.invoke(Method.java:498)
com.thoughtworks.gauge.execution.MethodExecutor.execute(MethodExecutor.java:32)
com.thoughtworks.gauge.execution.HooksExecutor$TaggedHookExecutor.executeHook(HooksExecutor.java:99)
com.thoughtworks.gauge.execution.HooksExecutor$TaggedHookExecutor.execute(HooksExecutor.java:85)
com.thoughtworks.gauge.execution.HooksExecutor.execute(HooksExecutor.java:42)
com.thoughtworks.gauge.processor.MethodExecutionMessageProcessor.executeHooks(MethodExecutionMessageProcessor.java:54)
com.thoughtworks.gauge.processor.SuiteExecutionStartingProcessor.process(SuiteExecutionStartingProcessor.java:26)
com.thoughtworks.gauge.connection.MessageDispatcher.dispatchMessages(MessageDispatcher.java:86)
com.thoughtworks.gauge.GaugeRuntime.main(GaugeRuntime.java:37)
14:55:19.125 Error Message: java.lang.NullPointerException
14:55:19.125 Stacktrace: 
driver.Driver.closeDriver(Driver.java:22)
sun.reflect.NativeMethodAccessorImpl.invoke0(Native Method)
sun.reflect.NativeMethodAccessorImpl.invoke(NativeMethodAccessorImpl.java:62)
sun.reflect.DelegatingMethodAccessorImpl.invoke(DelegatingMethodAccessorImpl.java:43)
java.lang.reflect.Method.invoke(Method.java:498)
com.thoughtworks.gauge.execution.MethodExecutor.execute(MethodExecutor.java:32)
com.thoughtworks.gauge.execution.HooksExecutor$TaggedHookExecutor.executeHook(HooksExecutor.java:99)
com.thoughtworks.gauge.execution.HooksExecutor$TaggedHookExecutor.execute(HooksExecutor.java:85)
com.thoughtworks.gauge.execution.HooksExecutor.execute(HooksExecutor.java:42)
com.thoughtworks.gauge.processor.MethodExecutionMessageProcessor.executeHooks(MethodExecutionMessageProcessor.java:54)
com.thoughtworks.gauge.processor.SuiteExecutionEndingProcessor.process(SuiteExecutionEndingProcessor.java:26)
com.thoughtworks.gauge.connection.MessageDispatcher.dispatchMessages(MessageDispatcher.java:86)
com.thoughtworks.gauge.GaugeRuntime.main(GaugeRuntime.java:37)
14:55:19.228 Plugin [Html Report] with pid [10420] has exited
14:55:19.729 Specifications:	0 executed	0 passed	0 failed	0 skipped
14:55:19.729 Scenarios:	0 executed	0 passed	0 failed	0 skipped
14:55:19.729 
Total time taken: 20.273s
14:55:19.730 Updates are available. Run gauge --check-updates for more info.
14:56:22.511 Gathering metadata for java
14:56:23.362 Plugin java 0.5.1 is already installed.
14:56:33.842 Checking updates...
14:56:51.471 Error Message: org.openqa.selenium.SessionNotCreatedException: Unable to create new remote session. desired capabilities = Capabilities [{marionette=true, firefoxOptions=org.openqa.selenium.firefox.FirefoxOptions@4ec25389, browserName=firefox, moz:firefoxOptions=org.openqa.selenium.firefox.FirefoxOptions@4ec25389, version=, platform=ANY}], required capabilities = Capabilities [{}]
Build info: version: '3.0.1', revision: '1969d75', time: '2016-10-18 09:49:13 -0700'
System info: host: 'TA040521', ip: '10.0.59.123', os.name: 'Windows 7', os.arch: 'amd64', os.version: '6.1', java.version: '1.8.0_91'
Driver info: driver.version: Driver
14:56:51.471 Stacktrace: 
org.openqa.selenium.remote.ProtocolHandshake.createSession(ProtocolHandshake.java:91)
org.openqa.selenium.remote.HttpCommandExecutor.execute(HttpCommandExecutor.java:141)
org.openqa.selenium.remote.service.DriverCommandExecutor.execute(DriverCommandExecutor.java:82)
org.openqa.selenium.remote.RemoteWebDriver.execute(RemoteWebDriver.java:601)
org.openqa.selenium.remote.RemoteWebDriver.startSession(RemoteWebDriver.java:241)
org.openqa.selenium.remote.RemoteWebDriver.<init>(RemoteWebDriver.java:128)
org.openqa.selenium.firefox.FirefoxDriver.<init>(FirefoxDriver.java:259)
org.openqa.selenium.firefox.FirefoxDriver.<init>(FirefoxDriver.java:247)
org.openqa.selenium.firefox.FirefoxDriver.<init>(FirefoxDriver.java:242)
org.openqa.selenium.firefox.FirefoxDriver.<init>(FirefoxDriver.java:238)
org.openqa.selenium.firefox.FirefoxDriver.<init>(FirefoxDriver.java:127)
driver.DriverFactory.getDriver(DriverFactory.java:30)
driver.Driver.initializeDriver(Driver.java:16)
sun.reflect.NativeMethodAccessorImpl.invoke0(Native Method)
sun.reflect.NativeMethodAccessorImpl.invoke(NativeMethodAccessorImpl.java:62)
sun.reflect.DelegatingMethodAccessorImpl.invoke(DelegatingMethodAccessorImpl.java:43)
java.lang.reflect.Method.invoke(Method.java:498)
com.thoughtworks.gauge.execution.MethodExecutor.execute(MethodExecutor.java:32)
com.thoughtworks.gauge.execution.HooksExecutor$TaggedHookExecutor.executeHook(HooksExecutor.java:99)
com.thoughtworks.gauge.execution.HooksExecutor$TaggedHookExecutor.execute(HooksExecutor.java:85)
com.thoughtworks.gauge.execution.HooksExecutor.execute(HooksExecutor.java:42)
com.thoughtworks.gauge.processor.MethodExecutionMessageProcessor.executeHooks(MethodExecutionMessageProcessor.java:54)
com.thoughtworks.gauge.processor.SuiteExecutionStartingProcessor.process(SuiteExecutionStartingProcessor.java:26)
com.thoughtworks.gauge.connection.MessageDispatcher.dispatchMessages(MessageDispatcher.java:86)
com.thoughtworks.gauge.GaugeRuntime.main(GaugeRuntime.java:37)
14:56:51.473 Error Message: java.lang.NullPointerException
14:56:51.473 Stacktrace: 
driver.Driver.closeDriver(Driver.java:22)
sun.reflect.NativeMethodAccessorImpl.invoke0(Native Method)
sun.reflect.NativeMethodAccessorImpl.invoke(NativeMethodAccessorImpl.java:62)
sun.reflect.DelegatingMethodAccessorImpl.invoke(DelegatingMethodAccessorImpl.java:43)
java.lang.reflect.Method.invoke(Method.java:498)
com.thoughtworks.gauge.execution.MethodExecutor.execute(MethodExecutor.java:32)
com.thoughtworks.gauge.execution.HooksExecutor$TaggedHookExecutor.executeHook(HooksExecutor.java:99)
com.thoughtworks.gauge.execution.HooksExecutor$TaggedHookExecutor.execute(HooksExecutor.java:85)
com.thoughtworks.gauge.execution.HooksExecutor.execute(HooksExecutor.java:42)
com.thoughtworks.gauge.processor.MethodExecutionMessageProcessor.executeHooks(MethodExecutionMessageProcessor.java:54)
com.thoughtworks.gauge.processor.SuiteExecutionEndingProcessor.process(SuiteExecutionEndingProcessor.java:26)
com.thoughtworks.gauge.connection.MessageDispatcher.dispatchMessages(MessageDispatcher.java:86)
com.thoughtworks.gauge.GaugeRuntime.main(GaugeRuntime.java:37)
14:56:51.577 Plugin [Html Report] with pid [3320] has exited
14:56:52.078 Specifications:	0 executed	0 passed	0 failed	0 skipped
14:56:52.078 Scenarios:	0 executed	0 passed	0 failed	0 skipped
14:56:52.079 
Total time taken: 14.321s
14:56:52.079 Updates are available. Run gauge --check-updates for more info.
